<?xml version="1.0" encoding="UTF-8"?>
<!-- Generated by org.testng.reporters.JUnitXMLReporter -->
<testsuite hostname="administrator-HP-EliteBook-840-G3" ignored="0" name="ChromeTest" tests="2" failures="1" timestamp="2022-07-22T15:54:44 IST" time="8.537" errors="0">
  <testcase name="verifyLogo" time="5.85" classname="com.store.testcases.IndexPageTest">
    <failure type="java.lang.AssertionError">
      <![CDATA[java.lang.AssertionError: 
at com.store.testcases.IndexPageTest.verifyLogo(IndexPageTest.java:28)
at java.util.ArrayList.forEach(ArrayList.java:1259)
at java.util.concurrent.FutureTask.run(FutureTask.java:266)
at java.util.concurrent.ThreadPoolExecutor.runWorker(ThreadPoolExecutor.java:1149)
at java.util.concurrent.ThreadPoolExecutor$Worker.run(ThreadPoolExecutor.java:624)
at java.lang.Thread.run(Thread.java:748)
... Removed 21 stack frames]]>
    </failure>
  </testcase> <!-- verifyLogo -->
  <testcase name="verifyTitle" time="0.0" classname="com.store.testcases.IndexPageTest">
    <skipped/>
  </testcase> <!-- verifyTitle -->
</testsuite> <!-- ChromeTest -->
